Using pre-set license
Built from '2021.3/staging' branch; Version is '2021.3.7f1 (24e8595d6d43) revision 2418777'; Using compiler version '192829333'; Build Type 'Release'
OS: 'Windows 10  (10.0.18363) 64bit ProfessionalWorkstation' Language: 'tr' Physical Memory: 8119 MB
BatchMode: 1, IsHumanControllingUs: 0, StartBugReporterOnCrash: 0, Is64bit: 1, IsPro: 1

COMMAND LINE ARGUMENTS:
C:\Program Files\Unity\Hub\Editor\2021.3.7f1\Editor\Unity.exe
-adb2
-batchMode
-noUpm
-name
AssetImportWorker0
-projectPath
D:/GitHub/GirlsVersusBoys/GirlsVersusBoys
-logFile
Logs/AssetImportWorker0.log
-srvPort
57287
Successfully changed project path to: D:/GitHub/GirlsVersusBoys/GirlsVersusBoys
D:/GitHub/GirlsVersusBoys/GirlsVersusBoys
[UnityMemory] Configuration Parameters - Can be set up in boot.config
    "memorysetup-bucket-allocator-granularity=16"
    "memorysetup-bucket-allocator-bucket-count=8"
    "memorysetup-bucket-allocator-block-size=33554432"
    "memorysetup-bucket-allocator-block-count=8"
    "memorysetup-main-allocator-block-size=16777216"
    "memorysetup-thread-allocator-block-size=16777216"
    "memorysetup-gfx-main-allocator-block-size=16777216"
    "memorysetup-gfx-thread-allocator-block-size=16777216"
    "memorysetup-cache-allocator-block-size=4194304"
    "memorysetup-typetree-allocator-block-size=2097152"
    "memorysetup-profiler-bucket-allocator-granularity=16"
    "memorysetup-profiler-bucket-allocator-bucket-count=8"
    "memorysetup-profiler-bucket-allocator-block-size=33554432"
    "memorysetup-profiler-bucket-allocator-block-count=8"
    "memorysetup-profiler-allocator-block-size=16777216"
    "memorysetup-profiler-editor-allocator-block-size=1048576"
    "memorysetup-temp-allocator-size-main=16777216"
    "memorysetup-job-temp-allocator-block-size=2097152"
    "memorysetup-job-temp-allocator-block-size-background=1048576"
    "memorysetup-job-temp-allocator-reduction-small-platforms=262144"
    "memorysetup-temp-allocator-size-background-worker=32768"
    "memorysetup-temp-allocator-size-job-worker=262144"
    "memorysetup-temp-allocator-size-preload-manager=33554432"
    "memorysetup-temp-allocator-size-nav-mesh-worker=65536"
    "memorysetup-temp-allocator-size-audio-worker=65536"
    "memorysetup-temp-allocator-size-cloud-worker=32768"
    "memorysetup-temp-allocator-size-gi-baking-worker=262144"
    "memorysetup-temp-allocator-size-gfx=262144"
Refreshing native plugins compatible for Editor in 133.76 ms, found 3 plugins.
Preloading 0 native plugins for Editor in 0.00 ms.
Initialize engine version: 2021.3.7f1 (24e8595d6d43)
[Subsystems] Discovering subsystems at path C:/Program Files/Unity/Hub/Editor/2021.3.7f1/Editor/Data/Resources/UnitySubsystems
[Subsystems] Discovering subsystems at path D:/GitHub/GirlsVersusBoys/GirlsVersusBoys/Assets
GfxDevice: creating device client; threaded=0; jobified=0
Direct3D:
    Version:  Direct3D 11.0 [level 11.0]
    Renderer: NVIDIA GeForce GT 745M (ID=0xfe3)
    Vendor:   NVIDIA
    VRAM:     4054 MB
    Driver:   25.21.14.2531
Initialize mono
Mono path[0] = 'C:/Program Files/Unity/Hub/Editor/2021.3.7f1/Editor/Data/Managed'
Mono path[1] = 'C:/Program Files/Unity/Hub/Editor/2021.3.7f1/Editor/Data/MonoBleedingEdge/lib/mono/unityjit-win32'
Mono config path = 'C:/Program Files/Unity/Hub/Editor/2021.3.7f1/Editor/Data/MonoBleedingEdge/etc'
Using monoOptions --debugger-agent=transport=dt_socket,embedding=1,server=y,suspend=n,address=127.0.0.1:56104
Begin MonoManager ReloadAssembly
Registering precompiled unity dll's ...
Register platform support module: C:/Program Files/Unity/Hub/Editor/2021.3.7f1/Editor/Data/PlaybackEngines/WebGLSupport/UnityEditor.WebGL.Extensions.dll
Register platform support module: C:/Program Files/Unity/Hub/Editor/2021.3.7f1/Editor/Data/PlaybackEngines/AndroidPlayer/UnityEditor.Android.Extensions.dll
Register platform support module: C:/Program Files/Unity/Hub/Editor/2021.3.7f1/Editor/Data/PlaybackEngines/WindowsStandaloneSupport/UnityEditor.WindowsStandalone.Extensions.dll
Registered in 0.015026 seconds.
Native extension for WindowsStandalone target not found
Native extension for Android target not found
Native extension for WebGL target not found
Refreshing native plugins compatible for Editor in 136.08 ms, found 3 plugins.
Preloading 0 native plugins for Editor in 0.00 ms.
Mono: successfully reloaded assembly
- Completed reload, in  1.175 seconds
Domain Reload Profiling:
	ReloadAssembly (1176ms)
		BeginReloadAssembly (156ms)
			ExecutionOrderSort (0ms)
			DisableScriptedObjects (0ms)
			BackupInstance (0ms)
			ReleaseScriptingObjects (0ms)
			CreateAndSetChildDomain (1ms)
		EndReloadAssembly (808ms)
			LoadAssemblies (150ms)
			RebuildTransferFunctionScriptingTraits (0ms)
			SetupTypeCache (190ms)
			ReleaseScriptCaches (0ms)
			RebuildScriptCaches (47ms)
			SetupLoadedEditorAssemblies (478ms)
				LogAssemblyErrors (0ms)
				InitializePlatformSupportModulesInManaged (100ms)
				SetLoadedEditorAssemblies (0ms)
				RefreshPlugins (136ms)
				BeforeProcessingInitializeOnLoad (2ms)
				ProcessInitializeOnLoadAttributes (164ms)
				ProcessInitializeOnLoadMethodAttributes (75ms)
				AfterProcessingInitializeOnLoad (0ms)
				EditorAssembliesLoaded (0ms)
			ExecutionOrderSort2 (0ms)
			AwakeInstancesAfterBackupRestoration (0ms)
Platform modules already initialized, skipping
Registering precompiled user dll's ...
Registered in 0.014603 seconds.
Begin MonoManager ReloadAssembly
Symbol file LoadedFromMemory doesn't match image D:\GitHub\GirlsVersusBoys\GirlsVersusBoys\Library\PackageCache\com.unity.visualscripting@1.7.8\Editor\VisualScripting.Core\Dependencies\YamlDotNet\Unity.VisualScripting.YamlDotNet.dll
Symbol file LoadedFromMemory doesn't match image D:\GitHub\GirlsVersusBoys\GirlsVersusBoys\Library\PackageCache\com.unity.visualscripting@1.7.8\Editor\VisualScripting.Core\Dependencies\DotNetZip\Unity.VisualScripting.IonicZip.dll
Native extension for WindowsStandalone target not found
Native extension for Android target not found
Native extension for WebGL target not found
Refreshing native plugins compatible for Editor in 0.93 ms, found 3 plugins.
Preloading 0 native plugins for Editor in 0.00 ms.
Mono: successfully reloaded assembly
- Completed reload, in  2.014 seconds
Domain Reload Profiling:
	ReloadAssembly (2016ms)
		BeginReloadAssembly (305ms)
			ExecutionOrderSort (0ms)
			DisableScriptedObjects (10ms)
			BackupInstance (0ms)
			ReleaseScriptingObjects (0ms)
			CreateAndSetChildDomain (140ms)
		EndReloadAssembly (1482ms)
			LoadAssemblies (166ms)
			RebuildTransferFunctionScriptingTraits (0ms)
			SetupTypeCache (470ms)
			ReleaseScriptCaches (1ms)
			RebuildScriptCaches (85ms)
			SetupLoadedEditorAssemblies (682ms)
				LogAssemblyErrors (0ms)
				InitializePlatformSupportModulesInManaged (27ms)
				SetLoadedEditorAssemblies (1ms)
				RefreshPlugins (1ms)
				BeforeProcessingInitializeOnLoad (148ms)
				ProcessInitializeOnLoadAttributes (428ms)
				ProcessInitializeOnLoadMethodAttributes (57ms)
				AfterProcessingInitializeOnLoad (19ms)
				EditorAssembliesLoaded (0ms)
			ExecutionOrderSort2 (0ms)
			AwakeInstancesAfterBackupRestoration (9ms)
Platform modules already initialized, skipping
========================================================================
Worker process is ready to serve import requests
Launched and connected shader compiler UnityShaderCompiler.exe after 0.08 seconds
Refreshing native plugins compatible for Editor in 0.92 ms, found 3 plugins.
Preloading 0 native plugins for Editor in 0.00 ms.
Unloading 3377 Unused Serialized files (Serialized files now loaded: 0)
Unloading 27 unused Assets / (111.0 KB). Loaded Objects now: 3836.
Memory consumption went from 116.1 MB to 116.0 MB.
Total: 4.540100 ms (FindLiveObjects: 0.401200 ms CreateObjectMapping: 0.235700 ms MarkObjects: 3.745400 ms  DeleteObjects: 0.156300 ms)

AssetImportParameters requested are different than current active one (requested -> active):
  custom:video-decoder-ogg-theora: a1e56fd34408186e4bbccfd4996cb3dc -> 
  custom:container-muxer-webm: aa71ff27fc2769a1b78a27578f13a17b -> 
  custom:container-demuxer-webm: 4f35f7cbe854078d1ac9338744f61a02 -> 
  custom:video-encoder-webm-vp8: eb34c28f22e8b96e1ab97ce403110664 -> 
  custom:audio-encoder-webm-vorbis: bf7c407c2cedff20999df2af8eb42d56 -> 
  custom:framework-win-MediaFoundation: 216162199b28c13a410421893ffa2e32 -> 
  custom:container-demuxer-ogg: 62fdf1f143b41e24485cea50d1cbac27 -> 
  custom:video-decoder-webm-vp8: 9c59270c3fd7afecdb556c50c9e8de78 -> 
  custom:audio-decoder-ogg-vorbis: bf7c407c2cedff20999df2af8eb42d56 -> 
========================================================================
Received Import Request.
  Time since last request: 966876.765688 seconds.
  path: Assets/Arts/DisplayBox.png
  artifactKey: Guid(1925c9d29587ac646ac7541a10f507ee) Importer(815301076,1909f56bfc062723c751e8b465ee728b)
Start importing Assets/Arts/DisplayBox.png using Guid(1925c9d29587ac646ac7541a10f507ee) Importer(815301076,1909f56bfc062723c751e8b465ee728b)  -> (artifact id: '680696f0a3de6f05738bf9c8d9c8eb79') in 0.150536 seconds 
========================================================================
Received Import Request.
  Time since last request: 0.000042 seconds.
  path: Assets/Arts/MeleeSoldierGridBoxFloor.png
  artifactKey: Guid(6d1322429d869e5428012a234574ca5d) Importer(815301076,1909f56bfc062723c751e8b465ee728b)
Start importing Assets/Arts/MeleeSoldierGridBoxFloor.png using Guid(6d1322429d869e5428012a234574ca5d) Importer(815301076,1909f56bfc062723c751e8b465ee728b)  -> (artifact id: '99756b9b180cf592d3518509e086f9a6') in 0.016898 seconds 
========================================================================
Received Import Request.
  Time since last request: 0.000036 seconds.
  path: Assets/Arts/CoinIcon.png
  artifactKey: Guid(e4c8dee20f32b484e96c7b24857d0810) Importer(815301076,1909f56bfc062723c751e8b465ee728b)
Start importing Assets/Arts/CoinIcon.png using Guid(e4c8dee20f32b484e96c7b24857d0810) Importer(815301076,1909f56bfc062723c751e8b465ee728b)  -> (artifact id: '45747744e8001de6dbe89de22e0a448e') in 0.014602 seconds 
========================================================================
Received Import Request.
  Time since last request: 0.000032 seconds.
  path: Assets/Arts/RestartButton.png
  artifactKey: Guid(2c5fdf43659f2be4e820af73c14421fb) Importer(815301076,1909f56bfc062723c751e8b465ee728b)
Start importing Assets/Arts/RestartButton.png using Guid(2c5fdf43659f2be4e820af73c14421fb) Importer(815301076,1909f56bfc062723c751e8b465ee728b)  -> (artifact id: '3e1d8dd3d66f4df15b79c652a4915c77') in 0.011298 seconds 
========================================================================
Received Import Request.
  Time since last request: 0.000035 seconds.
  path: Assets/Arts/FactorySoldierGridBoxFloor.png
  artifactKey: Guid(737a6a2e8c70def4e85b08c5f9cc0760) Importer(815301076,1909f56bfc062723c751e8b465ee728b)
Start importing Assets/Arts/FactorySoldierGridBoxFloor.png using Guid(737a6a2e8c70def4e85b08c5f9cc0760) Importer(815301076,1909f56bfc062723c751e8b465ee728b)  -> (artifact id: '181e5b1c9bef55f7d56f3cf814fc5986') in 0.013919 seconds 
========================================================================
Received Import Request.
  Time since last request: 0.000029 seconds.
  path: Assets/Arts/BlankGridBoxFloor.png
  artifactKey: Guid(fee4168bce091cd4aadd33880248263b) Importer(815301076,1909f56bfc062723c751e8b465ee728b)
Start importing Assets/Arts/BlankGridBoxFloor.png using Guid(fee4168bce091cd4aadd33880248263b) Importer(815301076,1909f56bfc062723c751e8b465ee728b)  -> (artifact id: '70e766ee21f15afe2d30fdbf3ef56cbc') in 0.012505 seconds 
========================================================================
Received Import Request.
  Time since last request: 0.000031 seconds.
  path: Assets/Arts/ThrowerSoldierGridBoxFloor.png
  artifactKey: Guid(2ca51576701ce014e93eac15212d75e7) Importer(815301076,1909f56bfc062723c751e8b465ee728b)
Start importing Assets/Arts/ThrowerSoldierGridBoxFloor.png using Guid(2ca51576701ce014e93eac15212d75e7) Importer(815301076,1909f56bfc062723c751e8b465ee728b)  -> (artifact id: '3668054a5bbbe371dea2df0b4cbb5807') in 0.011513 seconds 
========================================================================
Received Import Request.
  Time since last request: 0.000026 seconds.
  path: Assets/Arts
  artifactKey: Guid(7b2e06de708974845b6e072146074e30) Importer(815301076,1909f56bfc062723c751e8b465ee728b)
Start importing Assets/Arts using Guid(7b2e06de708974845b6e072146074e30) Importer(815301076,1909f56bfc062723c751e8b465ee728b)  -> (artifact id: 'd3eaf35b6e701e0a7c931a04fbc41d58') in 0.002124 seconds 
========================================================================
Received Import Request.
  Time since last request: 3.129277 seconds.
  path: Assets/Arts/FactoryIcon.png
  artifactKey: Guid(3ce4f3c0d994a884f99238765d11aac4) Importer(815301076,1909f56bfc062723c751e8b465ee728b)
Start importing Assets/Arts/FactoryIcon.png using Guid(3ce4f3c0d994a884f99238765d11aac4) Importer(815301076,1909f56bfc062723c751e8b465ee728b)  -> (artifact id: '6eca65f690d676d47502b2d4e0814f81') in 0.093990 seconds 
========================================================================
Received Import Request.
  Time since last request: 0.000033 seconds.
  path: Assets/Arts/NextButton.png
  artifactKey: Guid(e19fb3fadcefb62499d2a24868b844c6) Importer(815301076,1909f56bfc062723c751e8b465ee728b)
Start importing Assets/Arts/NextButton.png using Guid(e19fb3fadcefb62499d2a24868b844c6) Importer(815301076,1909f56bfc062723c751e8b465ee728b)  -> (artifact id: 'bd4970ede0268e7b13d479340f03fb3f') in 0.026998 seconds 
========================================================================
Received Import Request.
  Time since last request: 0.000051 seconds.
  path: Assets/Arts/DisplayBox.png
  artifactKey: Guid(1925c9d29587ac646ac7541a10f507ee) Importer(815301076,1909f56bfc062723c751e8b465ee728b)
Start importing Assets/Arts/DisplayBox.png using Guid(1925c9d29587ac646ac7541a10f507ee) Importer(815301076,1909f56bfc062723c751e8b465ee728b)  -> (artifact id: 'e8145d444e7aa069a072987b7da45b6c') in 0.025698 seconds 
========================================================================
Received Import Request.
  Time since last request: 0.000063 seconds.
  path: Assets/Arts/MeleeSoldierGridBoxFloor.png
  artifactKey: Guid(6d1322429d869e5428012a234574ca5d) Importer(815301076,1909f56bfc062723c751e8b465ee728b)
Start importing Assets/Arts/MeleeSoldierGridBoxFloor.png using Guid(6d1322429d869e5428012a234574ca5d) Importer(815301076,1909f56bfc062723c751e8b465ee728b)  -> (artifact id: '4139df27163f1b03fe2a529c7ffc0244') in 0.054731 seconds 
========================================================================
Received Import Request.
  Time since last request: 0.000038 seconds.
  path: Assets/Arts/CoinIcon.png
  artifactKey: Guid(e4c8dee20f32b484e96c7b24857d0810) Importer(815301076,1909f56bfc062723c751e8b465ee728b)
Start importing Assets/Arts/CoinIcon.png using Guid(e4c8dee20f32b484e96c7b24857d0810) Importer(815301076,1909f56bfc062723c751e8b465ee728b)  -> (artifact id: '1fdc82bce3bbb83ba0ad9a69dba5bc01') in 0.031415 seconds 
========================================================================
Received Import Request.
  Time since last request: 0.000047 seconds.
  path: Assets/Arts/MeleeSoldierLogo.png
  artifactKey: Guid(b72cda156ea8d1e418ab199303637eb9) Importer(815301076,1909f56bfc062723c751e8b465ee728b)
Start importing Assets/Arts/MeleeSoldierLogo.png using Guid(b72cda156ea8d1e418ab199303637eb9) Importer(815301076,1909f56bfc062723c751e8b465ee728b)  -> (artifact id: 'b908f4f43e357ede354bba165329f049') in 0.024984 seconds 
========================================================================
Received Import Request.
  Time since last request: 0.000025 seconds.
  path: Assets/Arts/RestartButton.png
  artifactKey: Guid(2c5fdf43659f2be4e820af73c14421fb) Importer(815301076,1909f56bfc062723c751e8b465ee728b)
Start importing Assets/Arts/RestartButton.png using Guid(2c5fdf43659f2be4e820af73c14421fb) Importer(815301076,1909f56bfc062723c751e8b465ee728b)  -> (artifact id: '1ed2411b792620fc5ec921f037050424') in 0.022861 seconds 
========================================================================
Received Import Request.
  Time since last request: 0.000045 seconds.
  path: Assets/Arts/LevelEndScreen.png
  artifactKey: Guid(c3d7d19d44d633c47a061997a191dfc0) Importer(815301076,1909f56bfc062723c751e8b465ee728b)
Start importing Assets/Arts/LevelEndScreen.png using Guid(c3d7d19d44d633c47a061997a191dfc0) Importer(815301076,1909f56bfc062723c751e8b465ee728b)  -> (artifact id: '08dbdcd618da07cb6fae9724d2cea500') in 0.068066 seconds 
========================================================================
Received Import Request.
  Time since last request: 0.000075 seconds.
  path: Assets/Arts/SplashMobile.png
  artifactKey: Guid(4a1c24ac138545940b3cceff2d238fca) Importer(815301076,1909f56bfc062723c751e8b465ee728b)
Start importing Assets/Arts/SplashMobile.png using Guid(4a1c24ac138545940b3cceff2d238fca) Importer(815301076,1909f56bfc062723c751e8b465ee728b)  -> (artifact id: '66f9835ae073f3c4421ef63626cb4192') in 0.219225 seconds 
========================================================================
Received Prepare
Registering precompiled user dll's ...
Registered in 0.011255 seconds.
Begin MonoManager ReloadAssembly
Symbol file LoadedFromMemory doesn't match image D:\GitHub\GirlsVersusBoys\GirlsVersusBoys\Library\PackageCache\com.unity.visualscripting@1.7.8\Editor\VisualScripting.Core\Dependencies\YamlDotNet\Unity.VisualScripting.YamlDotNet.dll
Symbol file LoadedFromMemory doesn't match image D:\GitHub\GirlsVersusBoys\GirlsVersusBoys\Library\PackageCache\com.unity.visualscripting@1.7.8\Editor\VisualScripting.Core\Dependencies\DotNetZip\Unity.VisualScripting.IonicZip.dll
Native extension for WindowsStandalone target not found
Native extension for Android target not found
Native extension for WebGL target not found
Refreshing native plugins compatible for Editor in 0.95 ms, found 3 plugins.
Preloading 0 native plugins for Editor in 0.00 ms.
Mono: successfully reloaded assembly
- Completed reload, in  1.738 seconds
Domain Reload Profiling:
	ReloadAssembly (1739ms)
		BeginReloadAssembly (241ms)
			ExecutionOrderSort (0ms)
			DisableScriptedObjects (9ms)
			BackupInstance (0ms)
			ReleaseScriptingObjects (0ms)
			CreateAndSetChildDomain (66ms)
		EndReloadAssembly (1303ms)
			LoadAssemblies (177ms)
			RebuildTransferFunctionScriptingTraits (0ms)
			SetupTypeCache (444ms)
			ReleaseScriptCaches (2ms)
			RebuildScriptCaches (61ms)
			SetupLoadedEditorAssemblies (556ms)
				LogAssemblyErrors (0ms)
				InitializePlatformSupportModulesInManaged (39ms)
				SetLoadedEditorAssemblies (1ms)
				RefreshPlugins (1ms)
				BeforeProcessingInitializeOnLoad (128ms)
				ProcessInitializeOnLoadAttributes (323ms)
				ProcessInitializeOnLoadMethodAttributes (44ms)
				AfterProcessingInitializeOnLoad (20ms)
				EditorAssembliesLoaded (0ms)
			ExecutionOrderSort2 (0ms)
			AwakeInstancesAfterBackupRestoration (9ms)
Platform modules already initialized, skipping
Refreshing native plugins compatible for Editor in 3.33 ms, found 3 plugins.
Preloading 0 native plugins for Editor in 0.00 ms.
Unloading 3375 Unused Serialized files (Serialized files now loaded: 0)
Unloading 20 unused Assets / (78.1 KB). Loaded Objects now: 3860.
Memory consumption went from 120.5 MB to 120.4 MB.
Total: 5.054700 ms (FindLiveObjects: 0.388500 ms CreateObjectMapping: 0.312000 ms MarkObjects: 4.177700 ms  DeleteObjects: 0.175300 ms)

AssetImportParameters requested are different than current active one (requested -> active):
  custom:video-decoder-ogg-theora: a1e56fd34408186e4bbccfd4996cb3dc -> 
  custom:container-muxer-webm: aa71ff27fc2769a1b78a27578f13a17b -> 
  custom:container-demuxer-webm: 4f35f7cbe854078d1ac9338744f61a02 -> 
  custom:video-encoder-webm-vp8: eb34c28f22e8b96e1ab97ce403110664 -> 
  custom:audio-encoder-webm-vorbis: bf7c407c2cedff20999df2af8eb42d56 -> 
  custom:framework-win-MediaFoundation: 216162199b28c13a410421893ffa2e32 -> 
  custom:container-demuxer-ogg: 62fdf1f143b41e24485cea50d1cbac27 -> 
  custom:video-decoder-webm-vp8: 9c59270c3fd7afecdb556c50c9e8de78 -> 
  custom:audio-decoder-ogg-vorbis: bf7c407c2cedff20999df2af8eb42d56 -> 
========================================================================
Received Import Request.
  Time since last request: 188.392485 seconds.
  path: Assets/Animations/Attack01_SwordAndShiled.anim
  artifactKey: Guid(00ff79f6d514269409cb11264f9d7ac6) Importer(815301076,1909f56bfc062723c751e8b465ee728b)
Start importing Assets/Animations/Attack01_SwordAndShiled.anim using Guid(00ff79f6d514269409cb11264f9d7ac6) Importer(815301076,1909f56bfc062723c751e8b465ee728b)  -> (artifact id: '2e3bbbbd53c77e9e2fa829cca274716a') in 0.053761 seconds 
========================================================================
Received Import Request.
  Time since last request: 13.967013 seconds.
  path: Assets/SoundAndSFX/Military_Background_Music.mp3
  artifactKey: Guid(c5e49f3a6556f11469d20c0207bf474f) Importer(815301076,1909f56bfc062723c751e8b465ee728b)
Start importing Assets/SoundAndSFX/Military_Background_Music.mp3 using Guid(c5e49f3a6556f11469d20c0207bf474f) Importer(815301076,1909f56bfc062723c751e8b465ee728b)  -> (artifact id: '9286cfd05c005335671af2f1f6c854d5') in 0.117430 seconds 
========================================================================
Received Import Request.
  Time since last request: 71.046409 seconds.
  path: Assets/Prefabs/GridBox.prefab
  artifactKey: Guid(e7c5d794e0701db4db134da469d0ec78) Importer(815301076,1909f56bfc062723c751e8b465ee728b)
Start importing Assets/Prefabs/GridBox.prefab using Guid(e7c5d794e0701db4db134da469d0ec78) Importer(815301076,1909f56bfc062723c751e8b465ee728b)  -> (artifact id: '8041b5ee4a2f8ff323d5e8038032b5f9') in 0.416484 seconds 
========================================================================
Received Import Request.
  Time since last request: 138.609235 seconds.
  path: Assets/Prefabs/GridBox.prefab
  artifactKey: Guid(e7c5d794e0701db4db134da469d0ec78) Importer(815301076,1909f56bfc062723c751e8b465ee728b)
Start importing Assets/Prefabs/GridBox.prefab using Guid(e7c5d794e0701db4db134da469d0ec78) Importer(815301076,1909f56bfc062723c751e8b465ee728b)  -> (artifact id: '10c04c5025401111a27be527930d0f66') in 0.049567 seconds 
========================================================================
Received Import Request.
  Time since last request: 11.604146 seconds.
  path: Assets/Prefabs/GridBox.prefab
  artifactKey: Guid(e7c5d794e0701db4db134da469d0ec78) Importer(815301076,1909f56bfc062723c751e8b465ee728b)
Start importing Assets/Prefabs/GridBox.prefab using Guid(e7c5d794e0701db4db134da469d0ec78) Importer(815301076,1909f56bfc062723c751e8b465ee728b)  -> (artifact id: '4abaab835c053ad3b8f7d7693c662833') in 0.013336 seconds 
========================================================================
Received Import Request.
  Time since last request: 100.577536 seconds.
  path: Assets/UserInterface/QuicksandboldRegular-44B9 SDF.asset
  artifactKey: Guid(c0a5b2b418281c1439a5ef94137563ea) Importer(815301076,1909f56bfc062723c751e8b465ee728b)
Start importing Assets/UserInterface/QuicksandboldRegular-44B9 SDF.asset using Guid(c0a5b2b418281c1439a5ef94137563ea) Importer(815301076,1909f56bfc062723c751e8b465ee728b)  -> (artifact id: '7b6767ae0c94c38e33cbddc5d48de17c') in 0.098062 seconds 
========================================================================
Received Import Request.
  Time since last request: 4.415380 seconds.
  path: Assets/Enemy.mat
  artifactKey: Guid(07f18c175238a554aada4af8dfdb1bd3) Importer(815301076,1909f56bfc062723c751e8b465ee728b)
Start importing Assets/Enemy.mat using Guid(07f18c175238a554aada4af8dfdb1bd3) Importer(815301076,1909f56bfc062723c751e8b465ee728b)  -> (artifact id: 'c1b943fa45084f00e57bc4c79ae7591a') in 0.166094 seconds 
========================================================================
Received Import Request.
  Time since last request: 0.000041 seconds.
  path: Assets/PlayerBase.mat
  artifactKey: Guid(09b3f96cedf562b4caa5474c96ab546d) Importer(815301076,1909f56bfc062723c751e8b465ee728b)
Start importing Assets/PlayerBase.mat using Guid(09b3f96cedf562b4caa5474c96ab546d) Importer(815301076,1909f56bfc062723c751e8b465ee728b)  -> (artifact id: '27b6318a4ac949244532a35d42a4a28a') in 0.014940 seconds 
========================================================================
Received Import Request.
  Time since last request: 0.000041 seconds.
  path: Assets/Soldier.mat
  artifactKey: Guid(a77bc8a1e6115354e826f85e0ccfdff4) Importer(815301076,1909f56bfc062723c751e8b465ee728b)
Start importing Assets/Soldier.mat using Guid(a77bc8a1e6115354e826f85e0ccfdff4) Importer(815301076,1909f56bfc062723c751e8b465ee728b)  -> (artifact id: '763251d1538e7cfb77f8896d7a39a98b') in 0.015770 seconds 
========================================================================
Received Import Request.
  Time since last request: 0.000036 seconds.
  path: Assets/HitBox.mat
  artifactKey: Guid(6f98df1051ce1de42a3ac44c6a0103e8) Importer(815301076,1909f56bfc062723c751e8b465ee728b)
Start importing Assets/HitBox.mat using Guid(6f98df1051ce1de42a3ac44c6a0103e8) Importer(815301076,1909f56bfc062723c751e8b465ee728b)  -> (artifact id: '85ca61fb2d9ee9bac06b4bf89947b8d7') in 0.394389 seconds 
========================================================================
Received Import Request.
  Time since last request: 5.397553 seconds.
  path: Assets/TexturesAndMaterials
  artifactKey: Guid(8ecac7ac83cc30e4f88b5c43213ba0de) Importer(815301076,1909f56bfc062723c751e8b465ee728b)
Start importing Assets/TexturesAndMaterials using Guid(8ecac7ac83cc30e4f88b5c43213ba0de) Importer(815301076,1909f56bfc062723c751e8b465ee728b)  -> (artifact id: 'e96f659c4976e140b6f1032f778cf21e') in 0.003516 seconds 
========================================================================
Received Import Request.
  Time since last request: 124.107451 seconds.
  path: Assets/TextMesh Pro/Resources/Fonts & Materials/LiberationSans SDF.asset
  artifactKey: Guid(8f586378b4e144a9851e7b34d9b748ee) Importer(815301076,1909f56bfc062723c751e8b465ee728b)
Start importing Assets/TextMesh Pro/Resources/Fonts & Materials/LiberationSans SDF.asset using Guid(8f586378b4e144a9851e7b34d9b748ee) Importer(815301076,1909f56bfc062723c751e8b465ee728b)  -> (artifact id: '32b3db33232d43a9869655cc75f3ef3e') in 0.150565 seconds 
========================================================================
Received Import Request.
  Time since last request: 398.377047 seconds.
  path: Assets/Prefabs/Canvas.prefab
  artifactKey: Guid(ab3bd61aa7aa1a94aad4f39e7e67c88c) Importer(815301076,1909f56bfc062723c751e8b465ee728b)
Start importing Assets/Prefabs/Canvas.prefab using Guid(ab3bd61aa7aa1a94aad4f39e7e67c88c) Importer(815301076,1909f56bfc062723c751e8b465ee728b) Shader 'TextMeshPro/Distance Field': fallback shader 'TextMeshPro/Mobile/Distance Field' not found
 -> (artifact id: '5cf5f92769f4020d33eb88eb21f5d82d') in 0.080435 seconds 
========================================================================
Received Import Request.
  Time since last request: 0.921443 seconds.
  path: Assets/Prefabs/Grid.prefab
  artifactKey: Guid(38cadac0905c4c6468e620f5865b6c9a) Importer(815301076,1909f56bfc062723c751e8b465ee728b)
Start importing Assets/Prefabs/Grid.prefab using Guid(38cadac0905c4c6468e620f5865b6c9a) Importer(815301076,1909f56bfc062723c751e8b465ee728b)  -> (artifact id: '1928ba0fa21197771c33327ccb816c18') in 0.022734 seconds 
========================================================================
Received Import Request.
  Time since last request: 1.306207 seconds.
  path: Assets/Prefabs/Environment.prefab
  artifactKey: Guid(209554b8b2f3a87448de1181213f2cf5) Importer(815301076,1909f56bfc062723c751e8b465ee728b)
Start importing Assets/Prefabs/Environment.prefab using Guid(209554b8b2f3a87448de1181213f2cf5) Importer(815301076,1909f56bfc062723c751e8b465ee728b)  -> (artifact id: 'f0f1be254d2774632ab4e205b414183f') in 0.015579 seconds 
========================================================================
Received Import Request.
  Time since last request: 1.356611 seconds.
  path: Assets/Prefabs/PlayerBase.prefab
  artifactKey: Guid(337fcfbfe8acb2740810c478c1332c6f) Importer(815301076,1909f56bfc062723c751e8b465ee728b)
Start importing Assets/Prefabs/PlayerBase.prefab using Guid(337fcfbfe8acb2740810c478c1332c6f) Importer(815301076,1909f56bfc062723c751e8b465ee728b)  -> (artifact id: 'e5d2afe6b953af2a3baa3819c190a0b8') in 0.013672 seconds 
========================================================================
Received Import Request.
  Time since last request: 5.913497 seconds.
  path: Assets/Prefabs/Main Camera.prefab
  artifactKey: Guid(7a604a4a41d22d941949161b52a1b547) Importer(815301076,1909f56bfc062723c751e8b465ee728b)
Start importing Assets/Prefabs/Main Camera.prefab using Guid(7a604a4a41d22d941949161b52a1b547) Importer(815301076,1909f56bfc062723c751e8b465ee728b)  -> (artifact id: '5ec02901da23b9c09d7f61e0806e19d3') in 0.012515 seconds 
========================================================================
Received Prepare
Registering precompiled user dll's ...
Registered in 0.022909 seconds.
Begin MonoManager ReloadAssembly
Symbol file LoadedFromMemory doesn't match image D:\GitHub\GirlsVersusBoys\GirlsVersusBoys\Library\PackageCache\com.unity.visualscripting@1.7.8\Editor\VisualScripting.Core\Dependencies\YamlDotNet\Unity.VisualScripting.YamlDotNet.dll
Symbol file LoadedFromMemory doesn't match image D:\GitHub\GirlsVersusBoys\GirlsVersusBoys\Library\PackageCache\com.unity.visualscripting@1.7.8\Editor\VisualScripting.Core\Dependencies\DotNetZip\Unity.VisualScripting.IonicZip.dll
Native extension for WindowsStandalone target not found
Native extension for Android target not found
Native extension for WebGL target not found
Refreshing native plugins compatible for Editor in 1.34 ms, found 3 plugins.
Preloading 0 native plugins for Editor in 0.00 ms.
Mono: successfully reloaded assembly
- Completed reload, in  2.688 seconds
Domain Reload Profiling:
	ReloadAssembly (2690ms)
		BeginReloadAssembly (334ms)
			ExecutionOrderSort (0ms)
			DisableScriptedObjects (11ms)
			BackupInstance (0ms)
			ReleaseScriptingObjects (0ms)
			CreateAndSetChildDomain (104ms)
		EndReloadAssembly (2123ms)
			LoadAssemblies (203ms)
			RebuildTransferFunctionScriptingTraits (0ms)
			SetupTypeCache (630ms)
			ReleaseScriptCaches (3ms)
			RebuildScriptCaches (113ms)
			SetupLoadedEditorAssemblies (962ms)
				LogAssemblyErrors (0ms)
				InitializePlatformSupportModulesInManaged (89ms)
				SetLoadedEditorAssemblies (2ms)
				RefreshPlugins (2ms)
				BeforeProcessingInitializeOnLoad (186ms)
				ProcessInitializeOnLoadAttributes (560ms)
				ProcessInitializeOnLoadMethodAttributes (97ms)
				AfterProcessingInitializeOnLoad (27ms)
				EditorAssembliesLoaded (0ms)
			ExecutionOrderSort2 (0ms)
			AwakeInstancesAfterBackupRestoration (15ms)
Platform modules already initialized, skipping
Refreshing native plugins compatible for Editor in 12.79 ms, found 3 plugins.
Preloading 0 native plugins for Editor in 0.00 ms.
Unloading 3399 Unused Serialized files (Serialized files now loaded: 0)
Unloading 35 unused Assets / (0.7 MB). Loaded Objects now: 3921.
Memory consumption went from 123.5 MB to 122.8 MB.
Total: 12.058000 ms (FindLiveObjects: 0.367300 ms CreateObjectMapping: 0.342700 ms MarkObjects: 10.573000 ms  DeleteObjects: 0.773400 ms)

AssetImportParameters requested are different than current active one (requested -> active):
  custom:video-decoder-ogg-theora: a1e56fd34408186e4bbccfd4996cb3dc -> 
  custom:container-muxer-webm: aa71ff27fc2769a1b78a27578f13a17b -> 
  custom:container-demuxer-webm: 4f35f7cbe854078d1ac9338744f61a02 -> 
  custom:video-encoder-webm-vp8: eb34c28f22e8b96e1ab97ce403110664 -> 
  custom:audio-encoder-webm-vorbis: bf7c407c2cedff20999df2af8eb42d56 -> 
  custom:framework-win-MediaFoundation: 216162199b28c13a410421893ffa2e32 -> 
  custom:container-demuxer-ogg: 62fdf1f143b41e24485cea50d1cbac27 -> 
  custom:video-decoder-webm-vp8: 9c59270c3fd7afecdb556c50c9e8de78 -> 
  custom:audio-decoder-ogg-vorbis: bf7c407c2cedff20999df2af8eb42d56 -> 
========================================================================
Received Import Request.
  Time since last request: 830.838117 seconds.
  path: Assets/Prefabs/Canvas.prefab
  artifactKey: Guid(ab3bd61aa7aa1a94aad4f39e7e67c88c) Importer(815301076,1909f56bfc062723c751e8b465ee728b)
Start importing Assets/Prefabs/Canvas.prefab using Guid(ab3bd61aa7aa1a94aad4f39e7e67c88c) Importer(815301076,1909f56bfc062723c751e8b465ee728b)  -> (artifact id: 'cebd27bb36a9bb41253096d6d7d42382') in 0.096423 seconds 
========================================================================
Received Import Request.
  Time since last request: 7.638448 seconds.
  path: Assets/Scripts
  artifactKey: Guid(dedcd6c30037734458bd4143a0872f5d) Importer(815301076,1909f56bfc062723c751e8b465ee728b)
Start importing Assets/Scripts using Guid(dedcd6c30037734458bd4143a0872f5d) Importer(815301076,1909f56bfc062723c751e8b465ee728b)  -> (artifact id: '7a8fdafb4caad3fdc0b65669f0b8df8c') in 0.002078 seconds 
========================================================================
Received Import Request.
  Time since last request: 4.205509 seconds.
  path: Assets/Scripts/Base
  artifactKey: Guid(ab901d6218b2a114e9488e530e856356) Importer(815301076,1909f56bfc062723c751e8b465ee728b)
Start importing Assets/Scripts/Base using Guid(ab901d6218b2a114e9488e530e856356) Importer(815301076,1909f56bfc062723c751e8b465ee728b)  -> (artifact id: '16a7a3c450d3f0d218cd056f3993eef9') in 0.003680 seconds 
========================================================================
Received Import Request.
  Time since last request: 204.255091 seconds.
  path: Assets/Scripts/Base/Unit.cs
  artifactKey: Guid(24c50439af4060145a190664b6461bc5) Importer(815301076,1909f56bfc062723c751e8b465ee728b)
Start importing Assets/Scripts/Base/Unit.cs using Guid(24c50439af4060145a190664b6461bc5) Importer(815301076,1909f56bfc062723c751e8b465ee728b)  -> (artifact id: '17a20635f617197cd2b688a317af1998') in 0.017136 seconds 
========================================================================
Received Prepare
Registering precompiled user dll's ...
Registered in 0.015179 seconds.
Begin MonoManager ReloadAssembly
Symbol file LoadedFromMemory doesn't match image D:\GitHub\GirlsVersusBoys\GirlsVersusBoys\Library\PackageCache\com.unity.visualscripting@1.7.8\Editor\VisualScripting.Core\Dependencies\YamlDotNet\Unity.VisualScripting.YamlDotNet.dll
Symbol file LoadedFromMemory doesn't match image D:\GitHub\GirlsVersusBoys\GirlsVersusBoys\Library\PackageCache\com.unity.visualscripting@1.7.8\Editor\VisualScripting.Core\Dependencies\DotNetZip\Unity.VisualScripting.IonicZip.dll
Native extension for WindowsStandalone target not found
Native extension for Android target not found
Native extension for WebGL target not found
Refreshing native plugins compatible for Editor in 0.86 ms, found 3 plugins.
Preloading 0 native plugins for Editor in 0.00 ms.
Mono: successfully reloaded assembly
- Completed reload, in  1.788 seconds
Domain Reload Profiling:
	ReloadAssembly (1789ms)
		BeginReloadAssembly (246ms)
			ExecutionOrderSort (0ms)
			DisableScriptedObjects (9ms)
			BackupInstance (0ms)
			ReleaseScriptingObjects (0ms)
			CreateAndSetChildDomain (62ms)
		EndReloadAssembly (1346ms)
			LoadAssemblies (183ms)
			RebuildTransferFunctionScriptingTraits (0ms)
			SetupTypeCache (488ms)
			ReleaseScriptCaches (2ms)
			RebuildScriptCaches (69ms)
			SetupLoadedEditorAssemblies (544ms)
				LogAssemblyErrors (0ms)
				InitializePlatformSupportModulesInManaged (38ms)
				SetLoadedEditorAssemblies (1ms)
				RefreshPlugins (1ms)
				BeforeProcessingInitializeOnLoad (109ms)
				ProcessInitializeOnLoadAttributes (332ms)
				ProcessInitializeOnLoadMethodAttributes (43ms)
				AfterProcessingInitializeOnLoad (19ms)
				EditorAssembliesLoaded (0ms)
			ExecutionOrderSort2 (0ms)
			AwakeInstancesAfterBackupRestoration (9ms)
Platform modules already initialized, skipping
Refreshing native plugins compatible for Editor in 4.00 ms, found 3 plugins.
Preloading 0 native plugins for Editor in 0.00 ms.
Unloading 3399 Unused Serialized files (Serialized files now loaded: 0)
Unloading 35 unused Assets / (0.7 MB). Loaded Objects now: 3925.
Memory consumption went from 123.5 MB to 122.8 MB.
Total: 4.728700 ms (FindLiveObjects: 0.363900 ms CreateObjectMapping: 0.181700 ms MarkObjects: 3.672200 ms  DeleteObjects: 0.509400 ms)

AssetImportParameters requested are different than current active one (requested -> active):
  custom:video-decoder-ogg-theora: a1e56fd34408186e4bbccfd4996cb3dc -> 
  custom:container-muxer-webm: aa71ff27fc2769a1b78a27578f13a17b -> 
  custom:container-demuxer-webm: 4f35f7cbe854078d1ac9338744f61a02 -> 
  custom:video-encoder-webm-vp8: eb34c28f22e8b96e1ab97ce403110664 -> 
  custom:audio-encoder-webm-vorbis: bf7c407c2cedff20999df2af8eb42d56 -> 
  custom:framework-win-MediaFoundation: 216162199b28c13a410421893ffa2e32 -> 
  custom:container-demuxer-ogg: 62fdf1f143b41e24485cea50d1cbac27 -> 
  custom:video-decoder-webm-vp8: 9c59270c3fd7afecdb556c50c9e8de78 -> 
  custom:audio-decoder-ogg-vorbis: bf7c407c2cedff20999df2af8eb42d56 -> 
========================================================================
Received Import Request.
  Time since last request: 14.272227 seconds.
  path: Assets/Scripts/Base/Soldier.cs
  artifactKey: Guid(f3edb6552999f6349a85214b67ebc9ab) Importer(815301076,1909f56bfc062723c751e8b465ee728b)
Start importing Assets/Scripts/Base/Soldier.cs using Guid(f3edb6552999f6349a85214b67ebc9ab) Importer(815301076,1909f56bfc062723c751e8b465ee728b)  -> (artifact id: 'bbe94a8870cebab18b6343c395d42c41') in 0.009874 seconds 
========================================================================
Received Prepare
Registering precompiled user dll's ...
Registered in 0.017345 seconds.
Begin MonoManager ReloadAssembly
Symbol file LoadedFromMemory doesn't match image D:\GitHub\GirlsVersusBoys\GirlsVersusBoys\Library\PackageCache\com.unity.visualscripting@1.7.8\Editor\VisualScripting.Core\Dependencies\YamlDotNet\Unity.VisualScripting.YamlDotNet.dll
Symbol file LoadedFromMemory doesn't match image D:\GitHub\GirlsVersusBoys\GirlsVersusBoys\Library\PackageCache\com.unity.visualscripting@1.7.8\Editor\VisualScripting.Core\Dependencies\DotNetZip\Unity.VisualScripting.IonicZip.dll
Native extension for WindowsStandalone target not found
Native extension for Android target not found
Native extension for WebGL target not found
Refreshing native plugins compatible for Editor in 1.10 ms, found 3 plugins.
Preloading 0 native plugins for Editor in 0.00 ms.
Mono: successfully reloaded assembly
- Completed reload, in  1.787 seconds
Domain Reload Profiling:
	ReloadAssembly (1789ms)
		BeginReloadAssembly (233ms)
			ExecutionOrderSort (0ms)
			DisableScriptedObjects (9ms)
			BackupInstance (0ms)
			ReleaseScriptingObjects (0ms)
			CreateAndSetChildDomain (58ms)
		EndReloadAssembly (1365ms)
			LoadAssemblies (169ms)
			RebuildTransferFunctionScriptingTraits (0ms)
			SetupTypeCache (506ms)
			ReleaseScriptCaches (2ms)
			RebuildScriptCaches (72ms)
			SetupLoadedEditorAssemblies (550ms)
				LogAssemblyErrors (0ms)
				InitializePlatformSupportModulesInManaged (40ms)
				SetLoadedEditorAssemblies (1ms)
				RefreshPlugins (1ms)
				BeforeProcessingInitializeOnLoad (113ms)
				ProcessInitializeOnLoadAttributes (323ms)
				ProcessInitializeOnLoadMethodAttributes (44ms)
				AfterProcessingInitializeOnLoad (27ms)
				EditorAssembliesLoaded (0ms)
			ExecutionOrderSort2 (0ms)
			AwakeInstancesAfterBackupRestoration (9ms)
Platform modules already initialized, skipping
Refreshing native plugins compatible for Editor in 3.89 ms, found 3 plugins.
Preloading 0 native plugins for Editor in 0.00 ms.
Unloading 3400 Unused Serialized files (Serialized files now loaded: 0)
Unloading 35 unused Assets / (0.7 MB). Loaded Objects now: 3929.
Memory consumption went from 123.6 MB to 122.9 MB.
Total: 4.584800 ms (FindLiveObjects: 0.366800 ms CreateObjectMapping: 0.172700 ms MarkObjects: 3.529800 ms  DeleteObjects: 0.514000 ms)

AssetImportParameters requested are different than current active one (requested -> active):
  custom:video-decoder-ogg-theora: a1e56fd34408186e4bbccfd4996cb3dc -> 
  custom:container-muxer-webm: aa71ff27fc2769a1b78a27578f13a17b -> 
  custom:container-demuxer-webm: 4f35f7cbe854078d1ac9338744f61a02 -> 
  custom:video-encoder-webm-vp8: eb34c28f22e8b96e1ab97ce403110664 -> 
  custom:audio-encoder-webm-vorbis: bf7c407c2cedff20999df2af8eb42d56 -> 
  custom:framework-win-MediaFoundation: 216162199b28c13a410421893ffa2e32 -> 
  custom:container-demuxer-ogg: 62fdf1f143b41e24485cea50d1cbac27 -> 
  custom:video-decoder-webm-vp8: 9c59270c3fd7afecdb556c50c9e8de78 -> 
  custom:audio-decoder-ogg-vorbis: bf7c407c2cedff20999df2af8eb42d56 -> 
========================================================================
Received Import Request.
  Time since last request: 14.159086 seconds.
  path: Assets/Scripts/Base/Enemy.cs
  artifactKey: Guid(8a08951feb1ef8848a2769d9b0d26c76) Importer(815301076,1909f56bfc062723c751e8b465ee728b)
Start importing Assets/Scripts/Base/Enemy.cs using Guid(8a08951feb1ef8848a2769d9b0d26c76) Importer(815301076,1909f56bfc062723c751e8b465ee728b)  -> (artifact id: '307087bd67b859895fda43b79014d842') in 0.008896 seconds 
========================================================================
Received Prepare
Registering precompiled user dll's ...
Registered in 0.015391 seconds.
Begin MonoManager ReloadAssembly
Symbol file LoadedFromMemory doesn't match image D:\GitHub\GirlsVersusBoys\GirlsVersusBoys\Library\PackageCache\com.unity.visualscripting@1.7.8\Editor\VisualScripting.Core\Dependencies\YamlDotNet\Unity.VisualScripting.YamlDotNet.dll
Symbol file LoadedFromMemory doesn't match image D:\GitHub\GirlsVersusBoys\GirlsVersusBoys\Library\PackageCache\com.unity.visualscripting@1.7.8\Editor\VisualScripting.Core\Dependencies\DotNetZip\Unity.VisualScripting.IonicZip.dll
Native extension for WindowsStandalone target not found
Native extension for Android target not found
Native extension for WebGL target not found
Refreshing native plugins compatible for Editor in 0.85 ms, found 3 plugins.
Preloading 0 native plugins for Editor in 0.00 ms.
Mono: successfully reloaded assembly
- Completed reload, in  1.768 seconds
Domain Reload Profiling:
	ReloadAssembly (1769ms)
		BeginReloadAssembly (234ms)
			ExecutionOrderSort (0ms)
			DisableScriptedObjects (9ms)
			BackupInstance (0ms)
			ReleaseScriptingObjects (0ms)
			CreateAndSetChildDomain (58ms)
		EndReloadAssembly (1328ms)
			LoadAssemblies (166ms)
			RebuildTransferFunctionScriptingTraits (0ms)
			SetupTypeCache (486ms)
			ReleaseScriptCaches (2ms)
			RebuildScriptCaches (63ms)
			SetupLoadedEditorAssemblies (541ms)
				LogAssemblyErrors (0ms)
				InitializePlatformSupportModulesInManaged (41ms)
				SetLoadedEditorAssemblies (1ms)
				RefreshPlugins (1ms)
				BeforeProcessingInitializeOnLoad (109ms)
				ProcessInitializeOnLoadAttributes (326ms)
				ProcessInitializeOnLoadMethodAttributes (43ms)
				AfterProcessingInitializeOnLoad (20ms)
				EditorAssembliesLoaded (0ms)
			ExecutionOrderSort2 (0ms)
			AwakeInstancesAfterBackupRestoration (9ms)
Platform modules already initialized, skipping
Refreshing native plugins compatible for Editor in 3.64 ms, found 3 plugins.
Preloading 0 native plugins for Editor in 0.00 ms.
Unloading 3401 Unused Serialized files (Serialized files now loaded: 0)
Unloading 35 unused Assets / (0.7 MB). Loaded Objects now: 3933.
Memory consumption went from 123.6 MB to 122.9 MB.
Total: 4.668700 ms (FindLiveObjects: 0.368600 ms CreateObjectMapping: 0.171800 ms MarkObjects: 3.659900 ms  DeleteObjects: 0.467100 ms)

AssetImportParameters requested are different than current active one (requested -> active):
  custom:video-decoder-ogg-theora: a1e56fd34408186e4bbccfd4996cb3dc -> 
  custom:container-muxer-webm: aa71ff27fc2769a1b78a27578f13a17b -> 
  custom:container-demuxer-webm: 4f35f7cbe854078d1ac9338744f61a02 -> 
  custom:video-encoder-webm-vp8: eb34c28f22e8b96e1ab97ce403110664 -> 
  custom:audio-encoder-webm-vorbis: bf7c407c2cedff20999df2af8eb42d56 -> 
  custom:framework-win-MediaFoundation: 216162199b28c13a410421893ffa2e32 -> 
  custom:container-demuxer-ogg: 62fdf1f143b41e24485cea50d1cbac27 -> 
  custom:video-decoder-webm-vp8: 9c59270c3fd7afecdb556c50c9e8de78 -> 
  custom:audio-decoder-ogg-vorbis: bf7c407c2cedff20999df2af8eb42d56 -> 
========================================================================
Received Import Request.
  Time since last request: 70.510175 seconds.
  path: Assets/Scripts/Base/AttackBox.cs
  artifactKey: Guid(5dd0ac34c26178c41b4b7cde55869221) Importer(815301076,1909f56bfc062723c751e8b465ee728b)
Start importing Assets/Scripts/Base/AttackBox.cs using Guid(5dd0ac34c26178c41b4b7cde55869221) Importer(815301076,1909f56bfc062723c751e8b465ee728b)  -> (artifact id: 'f8ab71bdab67c05938ce690e40f16a3f') in 0.009285 seconds 
========================================================================
Received Prepare
Registering precompiled user dll's ...
Registered in 0.017209 seconds.
Begin MonoManager ReloadAssembly
Symbol file LoadedFromMemory doesn't match image D:\GitHub\GirlsVersusBoys\GirlsVersusBoys\Library\PackageCache\com.unity.visualscripting@1.7.8\Editor\VisualScripting.Core\Dependencies\YamlDotNet\Unity.VisualScripting.YamlDotNet.dll
Symbol file LoadedFromMemory doesn't match image D:\GitHub\GirlsVersusBoys\GirlsVersusBoys\Library\PackageCache\com.unity.visualscripting@1.7.8\Editor\VisualScripting.Core\Dependencies\DotNetZip\Unity.VisualScripting.IonicZip.dll
Native extension for WindowsStandalone target not found
Native extension for Android target not found
Native extension for WebGL target not found
Refreshing native plugins compatible for Editor in 0.87 ms, found 3 plugins.
Preloading 0 native plugins for Editor in 0.00 ms.
Mono: successfully reloaded assembly
- Completed reload, in  1.832 seconds
Domain Reload Profiling:
	ReloadAssembly (1833ms)
		BeginReloadAssembly (252ms)
			ExecutionOrderSort (0ms)
			DisableScriptedObjects (9ms)
			BackupInstance (0ms)
			ReleaseScriptingObjects (0ms)
			CreateAndSetChildDomain (67ms)
		EndReloadAssembly (1346ms)
			LoadAssemblies (189ms)
			RebuildTransferFunctionScriptingTraits (0ms)
			SetupTypeCache (483ms)
			ReleaseScriptCaches (2ms)
			RebuildScriptCaches (64ms)
			SetupLoadedEditorAssemblies (553ms)
				LogAssemblyErrors (0ms)
				InitializePlatformSupportModulesInManaged (38ms)
				SetLoadedEditorAssemblies (1ms)
				RefreshPlugins (1ms)
				BeforeProcessingInitializeOnLoad (114ms)
				ProcessInitializeOnLoadAttributes (334ms)
				ProcessInitializeOnLoadMethodAttributes (44ms)
				AfterProcessingInitializeOnLoad (21ms)
				EditorAssembliesLoaded (0ms)
			ExecutionOrderSort2 (0ms)
			AwakeInstancesAfterBackupRestoration (9ms)
Platform modules already initialized, skipping
Refreshing native plugins compatible for Editor in 3.63 ms, found 3 plugins.
Preloading 0 native plugins for Editor in 0.00 ms.
Unloading 3402 Unused Serialized files (Serialized files now loaded: 0)
Unloading 35 unused Assets / (0.7 MB). Loaded Objects now: 3937.
Memory consumption went from 123.6 MB to 122.9 MB.
Total: 5.328900 ms (FindLiveObjects: 0.371200 ms CreateObjectMapping: 0.169200 ms MarkObjects: 4.322000 ms  DeleteObjects: 0.465500 ms)

AssetImportParameters requested are different than current active one (requested -> active):
  custom:video-decoder-ogg-theora: a1e56fd34408186e4bbccfd4996cb3dc -> 
  custom:container-muxer-webm: aa71ff27fc2769a1b78a27578f13a17b -> 
  custom:container-demuxer-webm: 4f35f7cbe854078d1ac9338744f61a02 -> 
  custom:video-encoder-webm-vp8: eb34c28f22e8b96e1ab97ce403110664 -> 
  custom:audio-encoder-webm-vorbis: bf7c407c2cedff20999df2af8eb42d56 -> 
  custom:framework-win-MediaFoundation: 216162199b28c13a410421893ffa2e32 -> 
  custom:container-demuxer-ogg: 62fdf1f143b41e24485cea50d1cbac27 -> 
  custom:video-decoder-webm-vp8: 9c59270c3fd7afecdb556c50c9e8de78 -> 
  custom:audio-decoder-ogg-vorbis: bf7c407c2cedff20999df2af8eb42d56 -> 
========================================================================
Received Import Request.
  Time since last request: 17.441605 seconds.
  path: Assets/Scripts/Base/AttackArea.cs
  artifactKey: Guid(3c104f7dbc0927e418cbfefe180d9d97) Importer(815301076,1909f56bfc062723c751e8b465ee728b)
Start importing Assets/Scripts/Base/AttackArea.cs using Guid(3c104f7dbc0927e418cbfefe180d9d97) Importer(815301076,1909f56bfc062723c751e8b465ee728b)  -> (artifact id: '01d13f5905158a5735b0b05d39568fb2') in 0.009757 seconds 
========================================================================
Received Prepare
Registering precompiled user dll's ...
Registered in 0.015730 seconds.
Begin MonoManager ReloadAssembly
Symbol file LoadedFromMemory doesn't match image D:\GitHub\GirlsVersusBoys\GirlsVersusBoys\Library\PackageCache\com.unity.visualscripting@1.7.8\Editor\VisualScripting.Core\Dependencies\YamlDotNet\Unity.VisualScripting.YamlDotNet.dll
Symbol file LoadedFromMemory doesn't match image D:\GitHub\GirlsVersusBoys\GirlsVersusBoys\Library\PackageCache\com.unity.visualscripting@1.7.8\Editor\VisualScripting.Core\Dependencies\DotNetZip\Unity.VisualScripting.IonicZip.dll
Native extension for WindowsStandalone target not found
Native extension for Android target not found
Native extension for WebGL target not found
Refreshing native plugins compatible for Editor in 0.91 ms, found 3 plugins.
Preloading 0 native plugins for Editor in 0.00 ms.
Mono: successfully reloaded assembly
- Completed reload, in  1.812 seconds
Domain Reload Profiling:
	ReloadAssembly (1813ms)
		BeginReloadAssembly (229ms)
			ExecutionOrderSort (0ms)
			DisableScriptedObjects (9ms)
			BackupInstance (0ms)
			ReleaseScriptingObjects (0ms)
			CreateAndSetChildDomain (57ms)
		EndReloadAssembly (1360ms)
			LoadAssemblies (175ms)
			RebuildTransferFunctionScriptingTraits (0ms)
			SetupTypeCache (478ms)
			ReleaseScriptCaches (2ms)
			RebuildScriptCaches (69ms)
			SetupLoadedEditorAssemblies (554ms)
				LogAssemblyErrors (0ms)
				InitializePlatformSupportModulesInManaged (39ms)
				SetLoadedEditorAssemblies (1ms)
				RefreshPlugins (1ms)
				BeforeProcessingInitializeOnLoad (117ms)
				ProcessInitializeOnLoadAttributes (332ms)
				ProcessInitializeOnLoadMethodAttributes (46ms)
				AfterProcessingInitializeOnLoad (19ms)
				EditorAssembliesLoaded (0ms)
			ExecutionOrderSort2 (0ms)
			AwakeInstancesAfterBackupRestoration (9ms)
Platform modules already initialized, skipping
Refreshing native plugins compatible for Editor in 3.53 ms, found 3 plugins.
Preloading 0 native plugins for Editor in 0.00 ms.
Unloading 3403 Unused Serialized files (Serialized files now loaded: 0)
Unloading 35 unused Assets / (0.7 MB). Loaded Objects now: 3941.
Memory consumption went from 123.7 MB to 123.0 MB.
Total: 5.373100 ms (FindLiveObjects: 0.334800 ms CreateObjectMapping: 0.164700 ms MarkObjects: 4.396100 ms  DeleteObjects: 0.476200 ms)

AssetImportParameters requested are different than current active one (requested -> active):
  custom:video-decoder-ogg-theora: a1e56fd34408186e4bbccfd4996cb3dc -> 
  custom:container-muxer-webm: aa71ff27fc2769a1b78a27578f13a17b -> 
  custom:container-demuxer-webm: 4f35f7cbe854078d1ac9338744f61a02 -> 
  custom:video-encoder-webm-vp8: eb34c28f22e8b96e1ab97ce403110664 -> 
  custom:audio-encoder-webm-vorbis: bf7c407c2cedff20999df2af8eb42d56 -> 
  custom:framework-win-MediaFoundation: 216162199b28c13a410421893ffa2e32 -> 
  custom:container-demuxer-ogg: 62fdf1f143b41e24485cea50d1cbac27 -> 
  custom:video-decoder-webm-vp8: 9c59270c3fd7afecdb556c50c9e8de78 -> 
  custom:audio-decoder-ogg-vorbis: bf7c407c2cedff20999df2af8eb42d56 -> 
========================================================================
Received Import Request.
  Time since last request: 37.803401 seconds.
  path: Assets/Scripts/Base/AttackManager.cs
  artifactKey: Guid(1ec6e496d6b2d2345a4993b585446c23) Importer(815301076,1909f56bfc062723c751e8b465ee728b)
Start importing Assets/Scripts/Base/AttackManager.cs using Guid(1ec6e496d6b2d2345a4993b585446c23) Importer(815301076,1909f56bfc062723c751e8b465ee728b)  -> (artifact id: '5184921cf8ca68a0d035c5c053d1a072') in 0.008532 seconds 
========================================================================
Received Prepare
Registering precompiled user dll's ...
Registered in 0.013942 seconds.
Begin MonoManager ReloadAssembly
Symbol file LoadedFromMemory doesn't match image D:\GitHub\GirlsVersusBoys\GirlsVersusBoys\Library\PackageCache\com.unity.visualscripting@1.7.8\Editor\VisualScripting.Core\Dependencies\YamlDotNet\Unity.VisualScripting.YamlDotNet.dll
Symbol file LoadedFromMemory doesn't match image D:\GitHub\GirlsVersusBoys\GirlsVersusBoys\Library\PackageCache\com.unity.visualscripting@1.7.8\Editor\VisualScripting.Core\Dependencies\DotNetZip\Unity.VisualScripting.IonicZip.dll
Native extension for WindowsStandalone target not found
Native extension for Android target not found
Native extension for WebGL target not found
Refreshing native plugins compatible for Editor in 0.88 ms, found 3 plugins.
Preloading 0 native plugins for Editor in 0.00 ms.
Mono: successfully reloaded assembly
- Completed reload, in  1.764 seconds
Domain Reload Profiling:
	ReloadAssembly (1765ms)
		BeginReloadAssembly (245ms)
			ExecutionOrderSort (0ms)
			DisableScriptedObjects (9ms)
			BackupInstance (0ms)
			ReleaseScriptingObjects (0ms)
			CreateAndSetChildDomain (57ms)
		EndReloadAssembly (1300ms)
			LoadAssemblies (190ms)
			RebuildTransferFunctionScriptingTraits (0ms)
			SetupTypeCache (449ms)
			ReleaseScriptCaches (2ms)
			RebuildScriptCaches (64ms)
			SetupLoadedEditorAssemblies (538ms)
				LogAssemblyErrors (0ms)
				InitializePlatformSupportModulesInManaged (39ms)
				SetLoadedEditorAssemblies (1ms)
				RefreshPlugins (1ms)
				BeforeProcessingInitializeOnLoad (112ms)
				ProcessInitializeOnLoadAttributes (319ms)
				ProcessInitializeOnLoadMethodAttributes (45ms)
				AfterProcessingInitializeOnLoad (21ms)
				EditorAssembliesLoaded (0ms)
			ExecutionOrderSort2 (0ms)
			AwakeInstancesAfterBackupRestoration (9ms)
Platform modules already initialized, skipping
Refreshing native plugins compatible for Editor in 3.62 ms, found 3 plugins.
Preloading 0 native plugins for Editor in 0.00 ms.
Unloading 3404 Unused Serialized files (Serialized files now loaded: 0)
Unloading 35 unused Assets / (0.7 MB). Loaded Objects now: 3945.
Memory consumption went from 123.7 MB to 123.0 MB.
Total: 4.806800 ms (FindLiveObjects: 0.403900 ms CreateObjectMapping: 0.172600 ms MarkObjects: 3.736200 ms  DeleteObjects: 0.492700 ms)

AssetImportParameters requested are different than current active one (requested -> active):
  custom:video-decoder-ogg-theora: a1e56fd34408186e4bbccfd4996cb3dc -> 
  custom:container-muxer-webm: aa71ff27fc2769a1b78a27578f13a17b -> 
  custom:container-demuxer-webm: 4f35f7cbe854078d1ac9338744f61a02 -> 
  custom:video-encoder-webm-vp8: eb34c28f22e8b96e1ab97ce403110664 -> 
  custom:audio-encoder-webm-vorbis: bf7c407c2cedff20999df2af8eb42d56 -> 
  custom:framework-win-MediaFoundation: 216162199b28c13a410421893ffa2e32 -> 
  custom:container-demuxer-ogg: 62fdf1f143b41e24485cea50d1cbac27 -> 
  custom:video-decoder-webm-vp8: 9c59270c3fd7afecdb556c50c9e8de78 -> 
  custom:audio-decoder-ogg-vorbis: bf7c407c2cedff20999df2af8eb42d56 -> 
========================================================================
Received Import Request.
  Time since last request: 29.837816 seconds.
  path: Assets/Scripts/Base/Commander.cs
  artifactKey: Guid(eaea133660abc5a4bad4ef78a74f42df) Importer(815301076,1909f56bfc062723c751e8b465ee728b)
Start importing Assets/Scripts/Base/Commander.cs using Guid(eaea133660abc5a4bad4ef78a74f42df) Importer(815301076,1909f56bfc062723c751e8b465ee728b)  -> (artifact id: '9b7f0d8dbd6ca8f30af53e48e8a7ecd3') in 0.009456 seconds 
========================================================================
Received Prepare
Registering precompiled user dll's ...
Registered in 0.015188 seconds.
Begin MonoManager ReloadAssembly
Symbol file LoadedFromMemory doesn't match image D:\GitHub\GirlsVersusBoys\GirlsVersusBoys\Library\PackageCache\com.unity.visualscripting@1.7.8\Editor\VisualScripting.Core\Dependencies\YamlDotNet\Unity.VisualScripting.YamlDotNet.dll
Symbol file LoadedFromMemory doesn't match image D:\GitHub\GirlsVersusBoys\GirlsVersusBoys\Library\PackageCache\com.unity.visualscripting@1.7.8\Editor\VisualScripting.Core\Dependencies\DotNetZip\Unity.VisualScripting.IonicZip.dll
Native extension for WindowsStandalone target not found
Native extension for Android target not found
Native extension for WebGL target not found
Refreshing native plugins compatible for Editor in 0.89 ms, found 3 plugins.
Preloading 0 native plugins for Editor in 0.00 ms.
Mono: successfully reloaded assembly
- Completed reload, in  1.787 seconds
Domain Reload Profiling:
	ReloadAssembly (1788ms)
		BeginReloadAssembly (249ms)
			ExecutionOrderSort (0ms)
			DisableScriptedObjects (9ms)
			BackupInstance (0ms)
			ReleaseScriptingObjects (0ms)
			CreateAndSetChildDomain (57ms)
		EndReloadAssembly (1338ms)
			LoadAssemblies (196ms)
			RebuildTransferFunctionScriptingTraits (0ms)
			SetupTypeCache (470ms)
			ReleaseScriptCaches (2ms)
			RebuildScriptCaches (65ms)
			SetupLoadedEditorAssemblies (544ms)
				LogAssemblyErrors (0ms)
				InitializePlatformSupportModulesInManaged (38ms)
				SetLoadedEditorAssemblies (1ms)
				RefreshPlugins (1ms)
				BeforeProcessingInitializeOnLoad (110ms)
				ProcessInitializeOnLoadAttributes (328ms)
				ProcessInitializeOnLoadMethodAttributes (45ms)
				AfterProcessingInitializeOnLoad (21ms)
				EditorAssembliesLoaded (0ms)
			ExecutionOrderSort2 (0ms)
			AwakeInstancesAfterBackupRestoration (9ms)
Platform modules already initialized, skipping
Refreshing native plugins compatible for Editor in 5.43 ms, found 3 plugins.
Preloading 0 native plugins for Editor in 0.00 ms.
Unloading 3405 Unused Serialized files (Serialized files now loaded: 0)
Unloading 35 unused Assets / (0.7 MB). Loaded Objects now: 3949.
Memory consumption went from 123.7 MB to 123.0 MB.
Total: 5.441500 ms (FindLiveObjects: 0.360000 ms CreateObjectMapping: 0.384000 ms MarkObjects: 3.998000 ms  DeleteObjects: 0.698000 ms)

AssetImportParameters requested are different than current active one (requested -> active):
  custom:video-decoder-ogg-theora: a1e56fd34408186e4bbccfd4996cb3dc -> 
  custom:container-muxer-webm: aa71ff27fc2769a1b78a27578f13a17b -> 
  custom:container-demuxer-webm: 4f35f7cbe854078d1ac9338744f61a02 -> 
  custom:video-encoder-webm-vp8: eb34c28f22e8b96e1ab97ce403110664 -> 
  custom:audio-encoder-webm-vorbis: bf7c407c2cedff20999df2af8eb42d56 -> 
  custom:framework-win-MediaFoundation: 216162199b28c13a410421893ffa2e32 -> 
  custom:container-demuxer-ogg: 62fdf1f143b41e24485cea50d1cbac27 -> 
  custom:video-decoder-webm-vp8: 9c59270c3fd7afecdb556c50c9e8de78 -> 
  custom:audio-decoder-ogg-vorbis: bf7c407c2cedff20999df2af8eb42d56 -> 
========================================================================
Received Import Request.
  Time since last request: 616.852470 seconds.
  path: Assets/Scripts/Base/UnitState.cs
  artifactKey: Guid(6b633d2d0ae24d84dad865d643073770) Importer(815301076,1909f56bfc062723c751e8b465ee728b)
Start importing Assets/Scripts/Base/UnitState.cs using Guid(6b633d2d0ae24d84dad865d643073770) Importer(815301076,1909f56bfc062723c751e8b465ee728b)  -> (artifact id: '206248f2ef2ca6ddd4170cfc8a8fba8f') in 0.018125 seconds 
========================================================================
Received Import Request.
  Time since last request: 42.579284 seconds.
  path: Assets/Scripts/Base/UnitState.cs
  artifactKey: Guid(6b633d2d0ae24d84dad865d643073770) Importer(815301076,1909f56bfc062723c751e8b465ee728b)
Start importing Assets/Scripts/Base/UnitState.cs using Guid(6b633d2d0ae24d84dad865d643073770) Importer(815301076,1909f56bfc062723c751e8b465ee728b)  -> (artifact id: 'ec686789ed296ba2308cef39ee892bac') in 0.003012 seconds 
========================================================================
Received Prepare
Registering precompiled user dll's ...
Registered in 0.015410 seconds.
Begin MonoManager ReloadAssembly
Symbol file LoadedFromMemory doesn't match image D:\GitHub\GirlsVersusBoys\GirlsVersusBoys\Library\PackageCache\com.unity.visualscripting@1.7.8\Editor\VisualScripting.Core\Dependencies\YamlDotNet\Unity.VisualScripting.YamlDotNet.dll
Symbol file LoadedFromMemory doesn't match image D:\GitHub\GirlsVersusBoys\GirlsVersusBoys\Library\PackageCache\com.unity.visualscripting@1.7.8\Editor\VisualScripting.Core\Dependencies\DotNetZip\Unity.VisualScripting.IonicZip.dll
Native extension for WindowsStandalone target not found
Native extension for Android target not found
Native extension for WebGL target not found
Refreshing native plugins compatible for Editor in 0.89 ms, found 3 plugins.
Preloading 0 native plugins for Editor in 0.00 ms.
Mono: successfully reloaded assembly
- Completed reload, in  1.893 seconds
Domain Reload Profiling:
	ReloadAssembly (1894ms)
		BeginReloadAssembly (282ms)
			ExecutionOrderSort (0ms)
			DisableScriptedObjects (10ms)
			BackupInstance (0ms)
			ReleaseScriptingObjects (0ms)
			CreateAndSetChildDomain (62ms)
		EndReloadAssembly (1403ms)
			LoadAssemblies (224ms)
			RebuildTransferFunctionScriptingTraits (0ms)
			SetupTypeCache (502ms)
			ReleaseScriptCaches (2ms)
			RebuildScriptCaches (71ms)
			SetupLoadedEditorAssemblies (572ms)
				LogAssemblyErrors (0ms)
				InitializePlatformSupportModulesInManaged (46ms)
				SetLoadedEditorAssemblies (1ms)
				RefreshPlugins (1ms)
				BeforeProcessingInitializeOnLoad (120ms)
				ProcessInitializeOnLoadAttributes (328ms)
				ProcessInitializeOnLoadMethodAttributes (54ms)
				AfterProcessingInitializeOnLoad (21ms)
				EditorAssembliesLoaded (0ms)
			ExecutionOrderSort2 (0ms)
			AwakeInstancesAfterBackupRestoration (9ms)
Platform modules already initialized, skipping
Refreshing native plugins compatible for Editor in 4.12 ms, found 3 plugins.
Preloading 0 native plugins for Editor in 0.00 ms.
Unloading 3406 Unused Serialized files (Serialized files now loaded: 0)
Unloading 35 unused Assets / (0.7 MB). Loaded Objects now: 3953.
Memory consumption went from 123.9 MB to 123.2 MB.
Total: 5.142600 ms (FindLiveObjects: 0.406200 ms CreateObjectMapping: 0.189100 ms MarkObjects: 4.052700 ms  DeleteObjects: 0.493500 ms)

AssetImportParameters requested are different than current active one (requested -> active):
  custom:video-decoder-ogg-theora: a1e56fd34408186e4bbccfd4996cb3dc -> 
  custom:container-muxer-webm: aa71ff27fc2769a1b78a27578f13a17b -> 
  custom:container-demuxer-webm: 4f35f7cbe854078d1ac9338744f61a02 -> 
  custom:video-encoder-webm-vp8: eb34c28f22e8b96e1ab97ce403110664 -> 
  custom:audio-encoder-webm-vorbis: bf7c407c2cedff20999df2af8eb42d56 -> 
  custom:framework-win-MediaFoundation: 216162199b28c13a410421893ffa2e32 -> 
  custom:container-demuxer-ogg: 62fdf1f143b41e24485cea50d1cbac27 -> 
  custom:video-decoder-webm-vp8: 9c59270c3fd7afecdb556c50c9e8de78 -> 
  custom:audio-decoder-ogg-vorbis: bf7c407c2cedff20999df2af8eb42d56 -> 
========================================================================
Received Import Request.
  Time since last request: 528.389451 seconds.
  path: Assets/Scripts/Base/AttackManager.cs
  artifactKey: Guid(1ec6e496d6b2d2345a4993b585446c23) Importer(815301076,1909f56bfc062723c751e8b465ee728b)
Start importing Assets/Scripts/Base/AttackManager.cs using Guid(1ec6e496d6b2d2345a4993b585446c23) Importer(815301076,1909f56bfc062723c751e8b465ee728b)  -> (artifact id: '0d5691dae501307f53e44acfe04d429d') in 0.009874 seconds 
========================================================================
Received Prepare
Registering precompiled user dll's ...
Registered in 0.014519 seconds.
Begin MonoManager ReloadAssembly
Symbol file LoadedFromMemory doesn't match image D:\GitHub\GirlsVersusBoys\GirlsVersusBoys\Library\PackageCache\com.unity.visualscripting@1.7.8\Editor\VisualScripting.Core\Dependencies\YamlDotNet\Unity.VisualScripting.YamlDotNet.dll
Symbol file LoadedFromMemory doesn't match image D:\GitHub\GirlsVersusBoys\GirlsVersusBoys\Library\PackageCache\com.unity.visualscripting@1.7.8\Editor\VisualScripting.Core\Dependencies\DotNetZip\Unity.VisualScripting.IonicZip.dll
Native extension for WindowsStandalone target not found
Native extension for Android target not found
Native extension for WebGL target not found
Refreshing native plugins compatible for Editor in 0.85 ms, found 3 plugins.
Preloading 0 native plugins for Editor in 0.00 ms.
Mono: successfully reloaded assembly
- Completed reload, in  1.869 seconds
Domain Reload Profiling:
	ReloadAssembly (1870ms)
		BeginReloadAssembly (242ms)
			ExecutionOrderSort (0ms)
			DisableScriptedObjects (9ms)
			BackupInstance (0ms)
			ReleaseScriptingObjects (0ms)
			CreateAndSetChildDomain (54ms)
		EndReloadAssembly (1421ms)
			LoadAssemblies (172ms)
			RebuildTransferFunctionScriptingTraits (0ms)
			SetupTypeCache (510ms)
			ReleaseScriptCaches (2ms)
			RebuildScriptCaches (66ms)
			SetupLoadedEditorAssemblies (602ms)
				LogAssemblyErrors (0ms)
				InitializePlatformSupportModulesInManaged (38ms)
				SetLoadedEditorAssemblies (1ms)
				RefreshPlugins (1ms)
				BeforeProcessingInitializeOnLoad (114ms)
				ProcessInitializeOnLoadAttributes (379ms)
				ProcessInitializeOnLoadMethodAttributes (45ms)
				AfterProcessingInitializeOnLoad (25ms)
				EditorAssembliesLoaded (0ms)
			ExecutionOrderSort2 (0ms)
			AwakeInstancesAfterBackupRestoration (9ms)
Platform modules already initialized, skipping
Refreshing native plugins compatible for Editor in 5.90 ms, found 3 plugins.
Preloading 0 native plugins for Editor in 0.00 ms.
Unloading 3406 Unused Serialized files (Serialized files now loaded: 0)
Unloading 35 unused Assets / (0.7 MB). Loaded Objects now: 3956.
Memory consumption went from 123.9 MB to 123.2 MB.
Total: 4.464400 ms (FindLiveObjects: 0.340500 ms CreateObjectMapping: 0.163400 ms MarkObjects: 3.486400 ms  DeleteObjects: 0.473000 ms)

AssetImportParameters requested are different than current active one (requested -> active):
  custom:video-decoder-ogg-theora: a1e56fd34408186e4bbccfd4996cb3dc -> 
  custom:container-muxer-webm: aa71ff27fc2769a1b78a27578f13a17b -> 
  custom:container-demuxer-webm: 4f35f7cbe854078d1ac9338744f61a02 -> 
  custom:video-encoder-webm-vp8: eb34c28f22e8b96e1ab97ce403110664 -> 
  custom:audio-encoder-webm-vorbis: bf7c407c2cedff20999df2af8eb42d56 -> 
  custom:framework-win-MediaFoundation: 216162199b28c13a410421893ffa2e32 -> 
  custom:container-demuxer-ogg: 62fdf1f143b41e24485cea50d1cbac27 -> 
  custom:video-decoder-webm-vp8: 9c59270c3fd7afecdb556c50c9e8de78 -> 
  custom:audio-decoder-ogg-vorbis: bf7c407c2cedff20999df2af8eb42d56 -> 
